Assembler report for Ethernet_10g
Sun Sep 30 18:44:45 2018
Quartus Prime Version 17.1.0 Build 590 10/25/2017 SJ Standard Edition


---------------------
; Table of Contents ;
---------------------
  1. Legal Notice
  2. Assembler Summary
  3. Assembler Settings
  4. Assembler Encrypted IP Cores Summary
  5. Assembler Generated Files
  6. Assembler Device Options: D:/FPGA/Ethernet/V2.8/Ethernet_10g/output_files/Ethernet_10g.sof
  7. Assembler Messages



----------------
; Legal Notice ;
----------------
Copyright (C) 2017  Intel Corporation. All rights reserved.
Your use of Intel Corporation's design tools, logic functions 
and other software and tools, and its AMPP partner logic 
functions, and any output files from any of the foregoing 
(including device programming or simulation files), and any 
associated documentation or information are expressly subject 
to the terms and conditions of the Intel Program License 
Subscription Agreement, the Intel Quartus Prime License Agreement,
the Intel FPGA IP License Agreement, or other applicable license
agreement, including, without limitation, that your use is for
the sole purpose of programming logic devices manufactured by
Intel and sold by Intel or its authorized distributors.  Please
refer to the applicable agreement for further details.



+---------------------------------------------------------------+
; Assembler Summary                                             ;
+-----------------------+---------------------------------------+
; Assembler Status      ; Successful - Sun Sep 30 18:44:45 2018 ;
; Revision Name         ; Ethernet_10g                          ;
; Top-level Entity Name ; Ethernet_10g                          ;
; Family                ; Stratix V                             ;
; Device                ; 5SGXEA7N2F45C2                        ;
+-----------------------+---------------------------------------+


+----------------------------------+
; Assembler Settings               ;
+--------+---------+---------------+
; Option ; Setting ; Default Value ;
+--------+---------+---------------+


+-----------------------------------------------------------+
; Assembler Encrypted IP Cores Summary                      ;
+--------+-----------------------------------+--------------+
; Vendor ; IP Core Name                      ; License Type ;
+--------+-----------------------------------+--------------+
; Altera ; 10G Ethernet MegaCore (6AF7 00D9) ; Licensed     ;
; Altera ; Unknown (6AF7 FFFF)               ; Licensed     ;
+--------+-----------------------------------+--------------+


+------------------------------------------------------------------+
; Assembler Generated Files                                        ;
+------------------------------------------------------------------+
; File Name                                                        ;
+------------------------------------------------------------------+
; D:/FPGA/Ethernet/V2.8/Ethernet_10g/output_files/Ethernet_10g.sof ;
+------------------------------------------------------------------+


+--------------------------------------------------------------------------------------------+
; Assembler Device Options: D:/FPGA/Ethernet/V2.8/Ethernet_10g/output_files/Ethernet_10g.sof ;
+----------------+---------------------------------------------------------------------------+
; Option         ; Setting                                                                   ;
+----------------+---------------------------------------------------------------------------+
; JTAG usercode  ; 0x0358C4B6                                                                ;
; Checksum       ; 0x0358C4B6                                                                ;
+----------------+---------------------------------------------------------------------------+


+--------------------+
; Assembler Messages ;
+--------------------+
Info: *******************************************************************
Info: Running Quartus Prime Assembler
    Info: Version 17.1.0 Build 590 10/25/2017 SJ Standard Edition
    Info: Processing started: Sun Sep 30 18:43:33 2018
Info: Command: quartus_asm --read_settings_files=off --write_settings_files=off Ethernet_10g -c Ethernet_10g
Info (115030): Assembler is generating device programming files
Info: Quartus Prime Assembler was successful. 0 errors, 0 warnings
    Info: Peak virtual memory: 5366 megabytes
    Info: Processing ended: Sun Sep 30 18:44:45 2018
    Info: Elapsed time: 00:01:12
    Info: Total CPU time (on all processors): 00:01:03


